1) [STEP3] 仕上げのテスト 他人の画面のテスト 他人のユーザ詳細画面のテスト 表示の確認 投稿一覧のユーザ画像のリンク先が正しい
     Failure/Error: expect(page).to have_link '', href: user_path(other_user)
       expected to find link "" with href "/users/1" but there were no matches
     # ./spec/system/03_finishing_touches_spec.rb:277:in `block (5 levels) in <main>'

  2) [STEP3] 仕上げのテスト 他人の画面のテスト 他人のユーザ情報編集画面 遷移できず、自分のユーザ詳細画面にリダイレクトされる
     Failure/Error: expect(current_path).to eq '/users/' + user.id.to_s
     
       expected: "/users/2"
            got: "/users/1"
     
       (compared using ==)
     # ./spec/system/03_finishing_touches_spec.rb:312:in `block (4 levels) in <main>'

  3) [STEP3] 仕上げのテスト グリッドシステムのテスト: container, row, col-md-〇を正しく使えている ユーザ一覧画面
     Failure/Error: is_expected.to have_selector '.container .row .col-md-8.offset-md-1'
       expected to find css ".container .row .col-md-8.offset-md-1" but there were no matches
     # ./spec/system/03_finishing_touches_spec.rb:330:in `block (3 levels) in <main>'

  4) [STEP3] 仕上げのテスト グリッドシステムのテスト: container, row, col-md-〇を正しく使えている ユーザ詳細画面
     Failure/Error: is_expected.to have_selector '.container .row .col-md-8.offset-md-1'
       expected to find css ".container .row .col-md-8.offset-md-1" but there were no matches
     # ./spec/system/03_finishing_touches_spec.rb:335:in `block (3 levels) in <main>'

  5) [STEP3] 仕上げのテスト グリッドシステムのテスト: container, row, col-md-〇を正しく使えている 投稿一覧画面
     Failure/Error: is_expected.to have_selector '.container .row .col-md-8.offset-md-1'
       expected to find css ".container .row .col-md-8.offset-md-1" but there were no matches
     # ./spec/system/03_finishing_touches_spec.rb:340:in `block (3 levels) in <main>'

  6) [STEP3] 仕上げのテスト グリッドシステムのテスト: container, row, col-md-〇を正しく使えている 投稿詳細画面
     Failure/Error: is_expected.to have_selector '.container .row .col-md-8.offset-md-1'
       expected to find css ".container .row .col-md-8.offset-md-1" but there were no matches
     # ./spec/system/03_finishing_touches_spec.rb:345:in `block (3 levels) in <main>'

  7) [STEP3] 仕上げのテスト アイコンのテスト トップ画面 本のアイコンが表示される
     Failure/Error: is_expected.to have_selector '.fas.fa-book'
       expected to find css ".fas.fa-book" but there were no matches
     # ./spec/system/03_finishing_touches_spec.rb:358:in `block (4 levels) in <main>'

  8) [STEP3] 仕上げのテスト アイコンのテスト アバウト画面 本のアイコンが表示される
     Failure/Error: is_expected.to have_selector '.fas.fa-book'
       expected to find css ".fas.fa-book" but there were no matches
     # ./spec/system/03_finishing_touches_spec.rb:370:in `block (4 levels) in <main>'